<?xml version="1.0" encoding="UTF-8"?>
<testsuite xmlns:xsi="http://www.w3.org/2001/XMLSchema-instance" xsi:noNamespaceSchemaLocation="https://maven.apache.org/surefire/maven-surefire-plugin/xsd/surefire-test-report.xsd" name="com.jfcdevs.app.PersistenceTest" time="5.812" tests="5" errors="0" skipped="0" failures="0">
  <properties>
[...]
</properties>
  <testcase name="getByProductId" classname="com.jfcdevs.app.PersistenceTest" time="0.459"/>
  <testcase name="optimisticLockError" classname="com.jfcdevs.app.PersistenceTest" time="0.053"/>
  <testcase name="create" classname="com.jfcdevs.app.PersistenceTest" time="0.032"/>
  <testcase name="delete" classname="com.jfcdevs.app.PersistenceTest" time="0.021"/>
  <testcase name="update" classname="com.jfcdevs.app.PersistenceTest" time="0.019"/>
</testsuite>