<?xml version="1.0" encoding="UTF-8"?>
<testsuite xmlns:xsi="http://www.w3.org/2001/XMLSchema-instance" xsi:noNamespaceSchemaLocation="https://maven.apache.org/surefire/maven-surefire-plugin/xsd/surefire-test-report.xsd" name="com.jfcdevs.app.ProductServiceTest" time="2.335" tests="5" errors="0" skipped="0" failures="0">
  <properties>
[...]
</properties>
  <testcase name="getProductId" classname="com.jfcdevs.app.ProductServiceTest" time="0.444"/>
  <testcase name="getProductInvalidParameterNegativeValue" classname="com.jfcdevs.app.ProductServiceTest" time="0.032"/>
  <testcase name="deleteProduct" classname="com.jfcdevs.app.ProductServiceTest" time="0.046"/>
  <testcase name="getProductInvalidParameterString" classname="com.jfcdevs.app.ProductServiceTest" time="0.032"/>
  <testcase name="getProductNotFound" classname="com.jfcdevs.app.ProductServiceTest" time="0.016"/>
</testsuite>